<?xml version="1.0" encoding="UTF-8"?>
<testng-results ignored="0" total="1" passed="1" failed="0" skipped="0">
  <reporter-output>
  </reporter-output>
  <suite started-at="2024-07-21T18:55:34 IST" name="Default suite" finished-at="2024-07-21T18:56:45 IST" duration-ms="70778">
    <groups>
    </groups>
    <test started-at="2024-07-21T18:55:34 IST" name="Default test" finished-at="2024-07-21T18:56:45 IST" duration-ms="70778">
      <class name="Test_Scenarios.test_methods">
        <test-method is-config="true" signature="bt()[pri:0, instance:Test_Scenarios.test_methods@71ba6d4e]" started-at="2024-07-21T18:55:34 IST" name="bt" finished-at="2024-07-21T18:55:58 IST" duration-ms="23581" status="PASS">
          <reporter-output>
          </reporter-output>
        </test-method> <!-- bt -->
        <test-method signature="tsk()[pri:0, instance:Test_Scenarios.test_methods@71ba6d4e]" started-at="2024-07-21T18:55:58 IST" name="tsk" finished-at="2024-07-21T18:56:45 IST" duration-ms="46514" status="PASS">
          <reporter-output>
          </reporter-output>
        </test-method> <!-- tsk -->
        <test-method is-config="true" signature="at()[pri:0, instance:Test_Scenarios.test_methods@71ba6d4e]" started-at="2024-07-21T18:56:45 IST" name="at" finished-at="2024-07-21T18:56:45 IST" duration-ms="510" status="PASS">
          <reporter-output>
          </reporter-output>
        </test-method> <!-- at -->
      </class> <!-- Test_Scenarios.test_methods -->
    </test> <!-- Default test -->
  </suite> <!-- Default suite -->
</testng-results>
