<?xml version="1.0" encoding="UTF-8"?>
<!-- Generated by org.testng.reporters.JUnitXMLReporter -->
<testsuite ignored="0" hostname="Pratik" failures="0" tests="5" name="Default test" time="7.611" errors="0" timestamp="2024-07-21T00:13:01 IST">
  <testcase classname="Construct_Week.Task" name="create" time="3.46"/>
  <testcase classname="Construct_Week.Task" name="delete" time="1.105"/>
  <testcase classname="Construct_Week.Task" name="get_all" time="0.987"/>
  <testcase classname="Construct_Week.Task" name="get_one" time="0.978"/>
  <testcase classname="Construct_Week.Task" name="update" time="0.946"/>
</testsuite> <!-- Default test -->
