<?xml version="1.0" encoding="UTF-8"?>
<testng-results ignored="0" total="5" passed="5" failed="0" skipped="0">
  <reporter-output>
  </reporter-output>
  <suite started-at="2024-07-21T00:12:54 IST" name="Default suite" finished-at="2024-07-21T00:13:01 IST" duration-ms="7611">
    <groups>
    </groups>
    <test started-at="2024-07-21T00:12:54 IST" name="Default test" finished-at="2024-07-21T00:13:01 IST" duration-ms="7611">
      <class name="Construct_Week.Task">
        <test-method signature="create()[pri:0, instance:Construct_Week.Task@437da279]" started-at="2024-07-21T00:12:54 IST" name="create" finished-at="2024-07-21T00:12:57 IST" duration-ms="3460" status="PASS">
          <reporter-output>
          </reporter-output>
        </test-method> <!-- create -->
        <test-method signature="delete()[pri:0, instance:Construct_Week.Task@437da279]" started-at="2024-07-21T00:12:57 IST" name="delete" finished-at="2024-07-21T00:12:58 IST" duration-ms="1105" status="PASS">
          <reporter-output>
          </reporter-output>
        </test-method> <!-- delete -->
        <test-method signature="get_all()[pri:0, instance:Construct_Week.Task@437da279]" started-at="2024-07-21T00:12:58 IST" name="get_all" finished-at="2024-07-21T00:12:59 IST" duration-ms="987" status="PASS">
          <reporter-output>
          </reporter-output>
        </test-method> <!-- get_all -->
        <test-method signature="get_one()[pri:0, instance:Construct_Week.Task@437da279]" started-at="2024-07-21T00:12:59 IST" name="get_one" finished-at="2024-07-21T00:13:00 IST" duration-ms="978" status="PASS">
          <reporter-output>
          </reporter-output>
        </test-method> <!-- get_one -->
        <test-method signature="update()[pri:0, instance:Construct_Week.Task@437da279]" started-at="2024-07-21T00:13:00 IST" name="update" finished-at="2024-07-21T00:13:01 IST" duration-ms="946" status="PASS">
          <reporter-output>
          </reporter-output>
        </test-method> <!-- update -->
      </class> <!-- Construct_Week.Task -->
    </test> <!-- Default test -->
  </suite> <!-- Default suite -->
</testng-results>
